[+] Containers:
 |- [+] Container: /Game/FirstPerson/Maps/FirstPersonMap
 |   |- [+] ActorDescs:
 |   |   |- Guid:0FA5E74E4F4AF29C3EF50AB3D0F00BB9 BaseClass: NativeClass:/Script/Engine.StaticMeshActor Name:StaticMeshActor_UAID_38FC985DA73149A801_1767991415 Label:SM_Crypt_Wall SpatiallyLoaded:1 Bounds:IsValid=true, Min=(X=49.950 Y=65.847 Z=-48.122), Max=(X=3899.739 Y=3530.658 Z=48.122) RuntimeGrid:None EditorOnly:0 RuntimeOnly:0 HLODRelevant:1
 |   |   |- Guid:10F119604B787C5A85C011BB4B295F3C BaseClass:/Game/Blueprints/BP_Door.BP_Door_C NativeClass:/Script/Engine.Actor Name:BP_Door_C_UAID_38FC985DA731EBA601_2116801819 Label:BP_Door SpatiallyLoaded:1 Bounds:IsValid=true, Min=(X=2700.655 Y=1551.489 Z=8.600), Max=(X=3099.346 Y=1821.142 Z=392.709) RuntimeGrid:None EditorOnly:0 RuntimeOnly:0 HLODRelevant:0
 |   |   |- Guid:178E28984017B23D4855AD9E267CB1B3 BaseClass: NativeClass:/Script/Engine.StaticMeshActor Name:StaticMeshActor_UAID_38FC985DA73149A801_1864580417 Label:SM_Crypt_Wall_Plaster SpatiallyLoaded:1 Bounds:IsValid=true, Min=(X=42.594 Y=-8.057 Z=-65.671), Max=(X=55.094 Y=3543.344 Z=1942.307) RuntimeGrid:None EditorOnly:0 RuntimeOnly:0 HLODRelevant:1
 |   |   |- Guid:1D8E01264CE4354F0B7AE2BB783BA0AF BaseClass: NativeClass:/Script/Engine.StaticMeshActor Name:StaticMeshActor_UAID_38FC985DA73149A801_2018582419 Label:SM_Crypt_Wall3 SpatiallyLoaded:1 Bounds:IsValid=true, Min=(X=-117.404 Y=3538.206 Z=48.122), Max=(X=3937.273 Y=3550.706 Z=1943.008) RuntimeGrid:None EditorOnly:0 RuntimeOnly:0 HLODRelevant:1
 |   |   |- Guid:2E5731CD4537959E1D9D369EBFCD8C76 BaseClass: NativeClass:/Script/Engine.StaticMeshActor Name:StaticMeshActor_UAID_38FC985DA73149A801_2109393423 Label:SM_Crypt_Wall_Decorative_D3 SpatiallyLoaded:1 Bounds:IsValid=true, Min=(X=2856.342 Y=1822.388 Z=48.122), Max=(X=2971.479 Y=2323.764 Z=498.122) RuntimeGrid:None EditorOnly:0 RuntimeOnly:0 HLODRelevant:1
 |   |   |- Guid:3AE8DA6242D4D9E60F7DC6A4011EDF36 BaseClass: NativeClass:/Script/Engine.StaticMeshActor Name:StaticMeshActor_UAID_38FC985DA73149A801_1830946416 Label:SM_Crypt_Wall_Decorative_C SpatiallyLoaded:1 Bounds:IsValid=true, Min=(X=696.864 Y=150.183 Z=48.122), Max=(X=1196.864 Y=272.488 Z=498.122) RuntimeGrid:None EditorOnly:0 RuntimeOnly:0 HLODRelevant:1
 |   |   |- Guid:44C8A94543FABC99BDDEDEB2630DC73E BaseClass: NativeClass:/Script/Engine.StaticMeshActor Name:StaticMeshActor_UAID_38FC985DA7314AA801_1089697604 Label:SM_Mausoleum_Lid_A SpatiallyLoaded:1 Bounds:IsValid=true, Min=(X=2871.774 Y=1501.682 Z=375.638), Max=(X=2903.633 Y=1852.421 Z=655.167) RuntimeGrid:None EditorOnly:0 RuntimeOnly:0 HLODRelevant:1
 |   |   |- Guid:4BE83B2C433C64565EFAA38908C0A239 BaseClass:/Game/Blueprints/BP_Statue.BP_Statue_C NativeClass:/Script/Engine.Actor Name:BP_Statue_C_UAID_38FC985DA731EBA601_2039731815 Label:BP_Statue SpatiallyLoaded:1 Bounds:IsValid=true, Min=(X=1464.499 Y=326.959 Z=-26.013), Max=(X=1940.543 Y=743.916 Z=558.037) RuntimeGrid:None EditorOnly:0 RuntimeOnly:0 HLODRelevant:0
 |   |   |- Guid:5FE7584649BB6F09265329A6C57CFD0D BaseClass: NativeClass:/Script/Engine.VolumetricCloud Name:VolumetricCloud_0 Label:VolumetricCloud SpatiallyLoaded:0 Bounds:IsValid=true, Min=(X=0.000 Y=0.000 Z=820.000), Max=(X=0.000 Y=0.000 Z=820.000) RuntimeGrid:None EditorOnly:0 RuntimeOnly:0 HLODRelevant:0 FolderPath:Lighting FolderGuid:0BA5F0A04EADB18E70D5B180D08FA34B
 |   |   |- Guid:61391D344900612A77DFC3BA3E354907 BaseClass: NativeClass:/Script/Engine.ExponentialHeightFog Name:ExponentialHeightFog_0 Label:ExponentialHeightFog SpatiallyLoaded:0 Bounds:IsValid=true, Min=(X=-5600.000 Y=-50.000 Z=-6850.000), Max=(X=-5600.000 Y=-50.000 Z=-6850.000) RuntimeGrid:None EditorOnly:0 RuntimeOnly:0 HLODRelevant:0 FolderPath:Lighting FolderGuid:0BA5F0A04EADB18E70D5B180D08FA34B
 |   |   |- Guid:6FEFB3BD4EB37B849EF0D4AC80F83855 BaseClass: NativeClass:/Script/Engine.WorldDataLayers Name:WorldDataLayers Label:WorldDataLayers SpatiallyLoaded:0 Bounds:IsValid=true, Min=(X=0.000 Y=0.000 Z=0.000), Max=(X=0.000 Y=0.000 Z=0.000) RuntimeGrid:None EditorOnly:0 RuntimeOnly:0 HLODRelevant:0
 |   |   |- Guid:8680D1144596930452B8A3815EF852AB BaseClass: NativeClass:/Script/Engine.StaticMeshActor Name:StaticMeshActor_UAID_38FC985DA7314AA801_1074800603 Label:SM_Crypt_Pillar2 SpatiallyLoaded:1 Bounds:IsValid=true, Min=(X=2737.532 Y=327.811 Z=48.122), Max=(X=3026.620 Y=616.899 Z=814.192) RuntimeGrid:None EditorOnly:0 RuntimeOnly:0 HLODRelevant:1
 |   |   |- Guid:899F4C8F4B877920F2B25BA3BD2CF41B BaseClass: NativeClass:/Script/Engine.StaticMeshActor Name:StaticMeshActor_UAID_38FC985DA73149A801_2035082420 Label:SM_Crypt_Wall_Plaster2 SpatiallyLoaded:1 Bounds:IsValid=true, Min=(X=3841.930 Y=-8.057 Z=-41.161), Max=(X=3854.430 Y=3543.344 Z=1966.816) RuntimeGrid:None EditorOnly:0 RuntimeOnly:0 HLODRelevant:1
 |   |   |- Guid:92DFD4EB439C2A58676575A5B39BB121 BaseClass: NativeClass:/Script/Engine.StaticMeshActor Name:StaticMeshActor_UAID_38FC985DA73149A801_1936893418 Label:SM_Crypt_Wall2 SpatiallyLoaded:1 Bounds:IsValid=true, Min=(X=-117.404 Y=100.623 Z=48.122), Max=(X=3937.273 Y=113.123 Z=1943.008) RuntimeGrid:None EditorOnly:0 RuntimeOnly:0 HLODRelevant:1
 |   |   |- Guid:93ED7D9A4AEE621AAD39F590BDA3CF82 BaseClass:/Game/Blueprints/BP_Statue.BP_Statue_C NativeClass:/Script/Engine.Actor Name:BP_Statue_C_UAID_38FC985DA731EBA601_2103507817 Label:BP_Statue3 SpatiallyLoaded:1 Bounds:IsValid=true, Min=(X=2095.969 Y=1872.941 Z=-26.013), Max=(X=2572.013 Y=2289.898 Z=558.037) RuntimeGrid:None EditorOnly:0 RuntimeOnly:0 HLODRelevant:0
 |   |   |- Guid:95520802491DD84AA7D52D9712BDE879 BaseClass: NativeClass:/Script/Engine.StaticMeshActor Name:StaticMeshActor_UAID_38FC985DA73149A801_2104494422 Label:SM_Crypt_Wall_Decorative_D2 SpatiallyLoaded:1 Bounds:IsValid=true, Min=(X=2856.342 Y=560.397 Z=48.122), Max=(X=2971.479 Y=1061.773 Z=498.122) RuntimeGrid:None EditorOnly:0 RuntimeOnly:0 HLODRelevant:1
 |   |   |- Guid:A304F25F49629E4B68DEF6945E1436A1 BaseClass: NativeClass:/Script/Engine.StaticMeshActor Name:StaticMeshActor_UAID_38FC985DA73149A801_2125379425 Label:SM_Crypt_Wall_Decorative_D5 SpatiallyLoaded:1 Bounds:IsValid=true, Min=(X=2856.342 Y=2796.954 Z=48.122), Max=(X=2971.479 Y=3298.329 Z=498.122) RuntimeGrid:None EditorOnly:0 RuntimeOnly:0 HLODRelevant:1
 |   |   |- Guid:A354B1B24E617A525DC6B48CCDE2417E BaseClass: NativeClass:/Script/Engine.PlayerStart Name:PlayerStart_0 Label:PlayerStart SpatiallyLoaded:0 Bounds:IsValid=true, Min=(X=274.858 Y=1513.557 Z=0.013), Max=(X=354.858 Y=1593.557 Z=184.013) RuntimeGrid:None EditorOnly:0 RuntimeOnly:0 HLODRelevant:0
 |   |   |- Guid:B7A4A211435B63CB4F5E14BBF684844E BaseClass:/Game/Blueprints/BP_Pedestal.BP_Pedestal_C NativeClass:/Script/Engine.Actor Name:BP_Pedestal_C_UAID_38FC985DA731B9A601_1229418015 Label:Main_Pedestal SpatiallyLoaded:1 Bounds:IsValid=true, Min=(X=1056.107 Y=1474.548 Z=-0.000), Max=(X=1344.107 Y=1682.548 Z=216.940) RuntimeGrid:None EditorOnly:0 RuntimeOnly:0 HLODRelevant:0
 |   |   |- Guid:C03DE4D5470535D02FA30BBA3C243F36 BaseClass: NativeClass:/Script/Engine.StaticMeshActor Name:StaticMeshActor_UAID_38FC985DA73149A801_2140055426 Label:SM_Crypt_Pillar SpatiallyLoaded:1 Bounds:IsValid=true, Min=(X=2700.171 Y=3178.821 Z=48.122), Max=(X=2989.259 Y=3467.910 Z=814.192) RuntimeGrid:None EditorOnly:0 RuntimeOnly:0 HLODRelevant:1
 |   |   |- Guid:C0C56B9644AE3D40CAFF6A878DB29844 BaseClass: NativeClass:/Script/Engine.StaticMeshActor Name:StaticMeshActor_UAID_A4AE111137DC5EFB00_2001720423 Label:SM_SkySphere SpatiallyLoaded:0 Bounds:IsValid=true, Min=(X=-1638400.000 Y=-1638400.000 Z=-1638400.000), Max=(X=1638400.000 Y=1638400.000 Z=1638400.000) RuntimeGrid:None EditorOnly:0 RuntimeOnly:0 HLODRelevant:1 FolderPath:Lighting FolderGuid:0BA5F0A04EADB18E70D5B180D08FA34B
 |   |   |- Guid:C22CE07C4B87D685137FDBBC10FC92C6 BaseClass: NativeClass:/Script/Engine.SkyAtmosphere Name:SkyAtmosphere_0 Label:SkyAtmosphere SpatiallyLoaded:0 Bounds:IsValid=true, Min=(X=0.000 Y=0.000 Z=1020.000), Max=(X=0.000 Y=0.000 Z=1020.000) RuntimeGrid:None EditorOnly:0 RuntimeOnly:0 HLODRelevant:0 FolderPath:Lighting FolderGuid:0BA5F0A04EADB18E70D5B180D08FA34B
 |   |   |- Guid:C6EB44E64C1C016C61A4788A1F6F9D96 BaseClass:/Game/Blueprints/BP_Statue.BP_Statue_C NativeClass:/Script/Engine.Actor Name:BP_Statue_C_UAID_38FC985DA731EBA601_2095727816 Label:BP_Statue2 SpatiallyLoaded:1 Bounds:IsValid=true, Min=(X=2103.944 Y=983.404 Z=-26.013), Max=(X=2579.988 Y=1400.361 Z=558.037) RuntimeGrid:None EditorOnly:0 RuntimeOnly:0 HLODRelevant:0
 |   |   |- Guid:CE8D82634660FCDB3120E2B8D547C533 BaseClass: NativeClass:/Script/Engine.PostProcessVolume Name:PostProcessVolume_0 Label:PostProcessVolume SpatiallyLoaded:0 Bounds:IsValid=true, Min=(X=0.000 Y=0.000 Z=400.000), Max=(X=200.000 Y=200.000 Z=600.000) RuntimeGrid:None EditorOnly:0 RuntimeOnly:0 HLODRelevant:0 FolderPath:Lighting FolderGuid:0BA5F0A04EADB18E70D5B180D08FA34B
 |   |   |- Guid:D68DF2424BFBF388F00EBAA1117D72D3 BaseClass: NativeClass:/Script/Engine.StaticMeshActor Name:StaticMeshActor_UAID_38FC985DA73149A801_2083476421 Label:SM_Crypt_Wall_Decorative_D SpatiallyLoaded:1 Bounds:IsValid=true, Min=(X=2856.342 Y=1049.010 Z=48.122), Max=(X=2971.479 Y=1550.386 Z=498.122) RuntimeGrid:None EditorOnly:0 RuntimeOnly:0 HLODRelevant:1
 |   |   |- Guid:D847890D4C8B98EC0714E2A1DD0DEBE1 BaseClass:/Game/Blueprints/BP_Statue.BP_Statue_C NativeClass:/Script/Engine.Actor Name:BP_Statue_C_UAID_38FC985DA731EBA601_2103510818 Label:BP_Statue4 SpatiallyLoaded:1 Bounds:IsValid=true, Min=(X=1481.353 Y=2432.060 Z=-26.013), Max=(X=1957.397 Y=2849.017 Z=558.037) RuntimeGrid:None EditorOnly:0 RuntimeOnly:0 HLODRelevant:0
 |   |   |- Guid:DF387305460EB0DB2657ED876CB53260 BaseClass: NativeClass:/Script/Engine.StaticMeshActor Name:StaticMeshActor_UAID_38FC985DA73149A801_2115422424 Label:SM_Crypt_Wall_Decorative_D4 SpatiallyLoaded:1 Bounds:IsValid=true, Min=(X=2856.342 Y=2310.874 Z=48.122), Max=(X=2971.479 Y=2812.250 Z=498.122) RuntimeGrid:None EditorOnly:0 RuntimeOnly:0 HLODRelevant:1
 |   |   |- Guid:E5320C1B4FD9764CE7B54D8487AEC613 BaseClass: NativeClass:/Script/Engine.SkyLight Name:SkyLight_0 Label:SkyLight SpatiallyLoaded:0 Bounds:IsValid=true, Min=(X=0.000 Y=0.000 Z=690.000), Max=(X=0.000 Y=0.000 Z=690.000) RuntimeGrid:None EditorOnly:0 RuntimeOnly:0 HLODRelevant:0 FolderPath:Lighting FolderGuid:0BA5F0A04EADB18E70D5B180D08FA34B
 |   |   |- Guid:F80621C9446867154938FE81375207DA BaseClass: NativeClass:/Script/Engine.DirectionalLight Name:DirectionalLight_1 Label:DirectionalLight SpatiallyLoaded:0 Bounds:IsValid=true, Min=(X=-1048576.000 Y=-1048576.000 Z=-1048576.000), Max=(X=1048576.000 Y=1048576.000 Z=1048576.000) RuntimeGrid:None EditorOnly:0 RuntimeOnly:0 HLODRelevant:0 FolderPath:Lighting FolderGuid:0BA5F0A04EADB18E70D5B180D08FA34B
 |   |- [+] Clusters:
 |   |   |- [+] [  0]
 |   |   |   |- Guid:A354B1B24E617A525DC6B48CCDE2417E BaseClass: NativeClass:/Script/Engine.PlayerStart Name:PlayerStart_0 Label:PlayerStart SpatiallyLoaded:0 Bounds:IsValid=true, Min=(X=274.858 Y=1513.557 Z=0.013), Max=(X=354.858 Y=1593.557 Z=184.013) RuntimeGrid:None EditorOnly:0 RuntimeOnly:0 HLODRelevant:0
 |   |   |- [+] [  1]
 |   |   |   |- Guid:61391D344900612A77DFC3BA3E354907 BaseClass: NativeClass:/Script/Engine.ExponentialHeightFog Name:ExponentialHeightFog_0 Label:ExponentialHeightFog SpatiallyLoaded:0 Bounds:IsValid=true, Min=(X=-5600.000 Y=-50.000 Z=-6850.000), Max=(X=-5600.000 Y=-50.000 Z=-6850.000) RuntimeGrid:None EditorOnly:0 RuntimeOnly:0 HLODRelevant:0 FolderPath:Lighting FolderGuid:0BA5F0A04EADB18E70D5B180D08FA34B
 |   |   |- [+] [  2]
 |   |   |   |- Guid:5FE7584649BB6F09265329A6C57CFD0D BaseClass: NativeClass:/Script/Engine.VolumetricCloud Name:VolumetricCloud_0 Label:VolumetricCloud SpatiallyLoaded:0 Bounds:IsValid=true, Min=(X=0.000 Y=0.000 Z=820.000), Max=(X=0.000 Y=0.000 Z=820.000) RuntimeGrid:None EditorOnly:0 RuntimeOnly:0 HLODRelevant:0 FolderPath:Lighting FolderGuid:0BA5F0A04EADB18E70D5B180D08FA34B
 |   |   |- [+] [  3]
 |   |   |   |- Guid:F80621C9446867154938FE81375207DA BaseClass: NativeClass:/Script/Engine.DirectionalLight Name:DirectionalLight_1 Label:DirectionalLight SpatiallyLoaded:0 Bounds:IsValid=true, Min=(X=-1048576.000 Y=-1048576.000 Z=-1048576.000), Max=(X=1048576.000 Y=1048576.000 Z=1048576.000) RuntimeGrid:None EditorOnly:0 RuntimeOnly:0 HLODRelevant:0 FolderPath:Lighting FolderGuid:0BA5F0A04EADB18E70D5B180D08FA34B
 |   |   |- [+] [  4]
 |   |   |   |- Guid:E5320C1B4FD9764CE7B54D8487AEC613 BaseClass: NativeClass:/Script/Engine.SkyLight Name:SkyLight_0 Label:SkyLight SpatiallyLoaded:0 Bounds:IsValid=true, Min=(X=0.000 Y=0.000 Z=690.000), Max=(X=0.000 Y=0.000 Z=690.000) RuntimeGrid:None EditorOnly:0 RuntimeOnly:0 HLODRelevant:0 FolderPath:Lighting FolderGuid:0BA5F0A04EADB18E70D5B180D08FA34B
 |   |   |- [+] [  5]
 |   |   |   |- Guid:B7A4A211435B63CB4F5E14BBF684844E BaseClass:/Game/Blueprints/BP_Pedestal.BP_Pedestal_C NativeClass:/Script/Engine.Actor Name:BP_Pedestal_C_UAID_38FC985DA731B9A601_1229418015 Label:Main_Pedestal SpatiallyLoaded:1 Bounds:IsValid=true, Min=(X=1056.107 Y=1474.548 Z=-0.000), Max=(X=1344.107 Y=1682.548 Z=216.940) RuntimeGrid:None EditorOnly:0 RuntimeOnly:0 HLODRelevant:0
 |   |   |   |- Guid:93ED7D9A4AEE621AAD39F590BDA3CF82 BaseClass:/Game/Blueprints/BP_Statue.BP_Statue_C NativeClass:/Script/Engine.Actor Name:BP_Statue_C_UAID_38FC985DA731EBA601_2103507817 Label:BP_Statue3 SpatiallyLoaded:1 Bounds:IsValid=true, Min=(X=2095.969 Y=1872.941 Z=-26.013), Max=(X=2572.013 Y=2289.898 Z=558.037) RuntimeGrid:None EditorOnly:0 RuntimeOnly:0 HLODRelevant:0
 |   |   |   |- Guid:D847890D4C8B98EC0714E2A1DD0DEBE1 BaseClass:/Game/Blueprints/BP_Statue.BP_Statue_C NativeClass:/Script/Engine.Actor Name:BP_Statue_C_UAID_38FC985DA731EBA601_2103510818 Label:BP_Statue4 SpatiallyLoaded:1 Bounds:IsValid=true, Min=(X=1481.353 Y=2432.060 Z=-26.013), Max=(X=1957.397 Y=2849.017 Z=558.037) RuntimeGrid:None EditorOnly:0 RuntimeOnly:0 HLODRelevant:0
 |   |   |   |- Guid:4BE83B2C433C64565EFAA38908C0A239 BaseClass:/Game/Blueprints/BP_Statue.BP_Statue_C NativeClass:/Script/Engine.Actor Name:BP_Statue_C_UAID_38FC985DA731EBA601_2039731815 Label:BP_Statue SpatiallyLoaded:1 Bounds:IsValid=true, Min=(X=1464.499 Y=326.959 Z=-26.013), Max=(X=1940.543 Y=743.916 Z=558.037) RuntimeGrid:None EditorOnly:0 RuntimeOnly:0 HLODRelevant:0
 |   |   |   |- Guid:C6EB44E64C1C016C61A4788A1F6F9D96 BaseClass:/Game/Blueprints/BP_Statue.BP_Statue_C NativeClass:/Script/Engine.Actor Name:BP_Statue_C_UAID_38FC985DA731EBA601_2095727816 Label:BP_Statue2 SpatiallyLoaded:1 Bounds:IsValid=true, Min=(X=2103.944 Y=983.404 Z=-26.013), Max=(X=2579.988 Y=1400.361 Z=558.037) RuntimeGrid:None EditorOnly:0 RuntimeOnly:0 HLODRelevant:0
 |   |   |   |- Guid:10F119604B787C5A85C011BB4B295F3C BaseClass:/Game/Blueprints/BP_Door.BP_Door_C NativeClass:/Script/Engine.Actor Name:BP_Door_C_UAID_38FC985DA731EBA601_2116801819 Label:BP_Door SpatiallyLoaded:1 Bounds:IsValid=true, Min=(X=2700.655 Y=1551.489 Z=8.600), Max=(X=3099.346 Y=1821.142 Z=392.709) RuntimeGrid:None EditorOnly:0 RuntimeOnly:0 HLODRelevant:0
 |   |   |- [+] [  6]
 |   |   |   |- Guid:C22CE07C4B87D685137FDBBC10FC92C6 BaseClass: NativeClass:/Script/Engine.SkyAtmosphere Name:SkyAtmosphere_0 Label:SkyAtmosphere SpatiallyLoaded:0 Bounds:IsValid=true, Min=(X=0.000 Y=0.000 Z=1020.000), Max=(X=0.000 Y=0.000 Z=1020.000) RuntimeGrid:None EditorOnly:0 RuntimeOnly:0 HLODRelevant:0 FolderPath:Lighting FolderGuid:0BA5F0A04EADB18E70D5B180D08FA34B
 |   |   |- [+] [  7]
 |   |   |   |- Guid:C0C56B9644AE3D40CAFF6A878DB29844 BaseClass: NativeClass:/Script/Engine.StaticMeshActor Name:StaticMeshActor_UAID_A4AE111137DC5EFB00_2001720423 Label:SM_SkySphere SpatiallyLoaded:0 Bounds:IsValid=true, Min=(X=-1638400.000 Y=-1638400.000 Z=-1638400.000), Max=(X=1638400.000 Y=1638400.000 Z=1638400.000) RuntimeGrid:None EditorOnly:0 RuntimeOnly:0 HLODRelevant:1 FolderPath:Lighting FolderGuid:0BA5F0A04EADB18E70D5B180D08FA34B
 |   |   |- [+] [  8]
 |   |   |   |- Guid:6FEFB3BD4EB37B849EF0D4AC80F83855 BaseClass: NativeClass:/Script/Engine.WorldDataLayers Name:WorldDataLayers Label:WorldDataLayers SpatiallyLoaded:0 Bounds:IsValid=true, Min=(X=0.000 Y=0.000 Z=0.000), Max=(X=0.000 Y=0.000 Z=0.000) RuntimeGrid:None EditorOnly:0 RuntimeOnly:0 HLODRelevant:0
 |   |   |- [+] [  9]
 |   |   |   |- Guid:CE8D82634660FCDB3120E2B8D547C533 BaseClass: NativeClass:/Script/Engine.PostProcessVolume Name:PostProcessVolume_0 Label:PostProcessVolume SpatiallyLoaded:0 Bounds:IsValid=true, Min=(X=0.000 Y=0.000 Z=400.000), Max=(X=200.000 Y=200.000 Z=600.000) RuntimeGrid:None EditorOnly:0 RuntimeOnly:0 HLODRelevant:0 FolderPath:Lighting FolderGuid:0BA5F0A04EADB18E70D5B180D08FA34B
 |   |   |- [+] [ 10]
 |   |   |   |- Guid:0FA5E74E4F4AF29C3EF50AB3D0F00BB9 BaseClass: NativeClass:/Script/Engine.StaticMeshActor Name:StaticMeshActor_UAID_38FC985DA73149A801_1767991415 Label:SM_Crypt_Wall SpatiallyLoaded:1 Bounds:IsValid=true, Min=(X=49.950 Y=65.847 Z=-48.122), Max=(X=3899.739 Y=3530.658 Z=48.122) RuntimeGrid:None EditorOnly:0 RuntimeOnly:0 HLODRelevant:1
 |   |   |- [+] [ 11]
 |   |   |   |- Guid:3AE8DA6242D4D9E60F7DC6A4011EDF36 BaseClass: NativeClass:/Script/Engine.StaticMeshActor Name:StaticMeshActor_UAID_38FC985DA73149A801_1830946416 Label:SM_Crypt_Wall_Decorative_C SpatiallyLoaded:1 Bounds:IsValid=true, Min=(X=696.864 Y=150.183 Z=48.122), Max=(X=1196.864 Y=272.488 Z=498.122) RuntimeGrid:None EditorOnly:0 RuntimeOnly:0 HLODRelevant:1
 |   |   |- [+] [ 12]
 |   |   |   |- Guid:178E28984017B23D4855AD9E267CB1B3 BaseClass: NativeClass:/Script/Engine.StaticMeshActor Name:StaticMeshActor_UAID_38FC985DA73149A801_1864580417 Label:SM_Crypt_Wall_Plaster SpatiallyLoaded:1 Bounds:IsValid=true, Min=(X=42.594 Y=-8.057 Z=-65.671), Max=(X=55.094 Y=3543.344 Z=1942.307) RuntimeGrid:None EditorOnly:0 RuntimeOnly:0 HLODRelevant:1
 |   |   |- [+] [ 13]
 |   |   |   |- Guid:92DFD4EB439C2A58676575A5B39BB121 BaseClass: NativeClass:/Script/Engine.StaticMeshActor Name:StaticMeshActor_UAID_38FC985DA73149A801_1936893418 Label:SM_Crypt_Wall2 SpatiallyLoaded:1 Bounds:IsValid=true, Min=(X=-117.404 Y=100.623 Z=48.122), Max=(X=3937.273 Y=113.123 Z=1943.008) RuntimeGrid:None EditorOnly:0 RuntimeOnly:0 HLODRelevant:1
 |   |   |- [+] [ 14]
 |   |   |   |- Guid:1D8E01264CE4354F0B7AE2BB783BA0AF BaseClass: NativeClass:/Script/Engine.StaticMeshActor Name:StaticMeshActor_UAID_38FC985DA73149A801_2018582419 Label:SM_Crypt_Wall3 SpatiallyLoaded:1 Bounds:IsValid=true, Min=(X=-117.404 Y=3538.206 Z=48.122), Max=(X=3937.273 Y=3550.706 Z=1943.008) RuntimeGrid:None EditorOnly:0 RuntimeOnly:0 HLODRelevant:1
 |   |   |- [+] [ 15]
 |   |   |   |- Guid:899F4C8F4B877920F2B25BA3BD2CF41B BaseClass: NativeClass:/Script/Engine.StaticMeshActor Name:StaticMeshActor_UAID_38FC985DA73149A801_2035082420 Label:SM_Crypt_Wall_Plaster2 SpatiallyLoaded:1 Bounds:IsValid=true, Min=(X=3841.930 Y=-8.057 Z=-41.161), Max=(X=3854.430 Y=3543.344 Z=1966.816) RuntimeGrid:None EditorOnly:0 RuntimeOnly:0 HLODRelevant:1
 |   |   |- [+] [ 16]
 |   |   |   |- Guid:D68DF2424BFBF388F00EBAA1117D72D3 BaseClass: NativeClass:/Script/Engine.StaticMeshActor Name:StaticMeshActor_UAID_38FC985DA73149A801_2083476421 Label:SM_Crypt_Wall_Decorative_D SpatiallyLoaded:1 Bounds:IsValid=true, Min=(X=2856.342 Y=1049.010 Z=48.122), Max=(X=2971.479 Y=1550.386 Z=498.122) RuntimeGrid:None EditorOnly:0 RuntimeOnly:0 HLODRelevant:1
 |   |   |- [+] [ 17]
 |   |   |   |- Guid:95520802491DD84AA7D52D9712BDE879 BaseClass: NativeClass:/Script/Engine.StaticMeshActor Name:StaticMeshActor_UAID_38FC985DA73149A801_2104494422 Label:SM_Crypt_Wall_Decorative_D2 SpatiallyLoaded:1 Bounds:IsValid=true, Min=(X=2856.342 Y=560.397 Z=48.122), Max=(X=2971.479 Y=1061.773 Z=498.122) RuntimeGrid:None EditorOnly:0 RuntimeOnly:0 HLODRelevant:1
 |   |   |- [+] [ 18]
 |   |   |   |- Guid:2E5731CD4537959E1D9D369EBFCD8C76 BaseClass: NativeClass:/Script/Engine.StaticMeshActor Name:StaticMeshActor_UAID_38FC985DA73149A801_2109393423 Label:SM_Crypt_Wall_Decorative_D3 SpatiallyLoaded:1 Bounds:IsValid=true, Min=(X=2856.342 Y=1822.388 Z=48.122), Max=(X=2971.479 Y=2323.764 Z=498.122) RuntimeGrid:None EditorOnly:0 RuntimeOnly:0 HLODRelevant:1
 |   |   |- [+] [ 19]
 |   |   |   |- Guid:DF387305460EB0DB2657ED876CB53260 BaseClass: NativeClass:/Script/Engine.StaticMeshActor Name:StaticMeshActor_UAID_38FC985DA73149A801_2115422424 Label:SM_Crypt_Wall_Decorative_D4 SpatiallyLoaded:1 Bounds:IsValid=true, Min=(X=2856.342 Y=2310.874 Z=48.122), Max=(X=2971.479 Y=2812.250 Z=498.122) RuntimeGrid:None EditorOnly:0 RuntimeOnly:0 HLODRelevant:1
 |   |   |- [+] [ 20]
 |   |   |   |- Guid:A304F25F49629E4B68DEF6945E1436A1 BaseClass: NativeClass:/Script/Engine.StaticMeshActor Name:StaticMeshActor_UAID_38FC985DA73149A801_2125379425 Label:SM_Crypt_Wall_Decorative_D5 SpatiallyLoaded:1 Bounds:IsValid=true, Min=(X=2856.342 Y=2796.954 Z=48.122), Max=(X=2971.479 Y=3298.329 Z=498.122) RuntimeGrid:None EditorOnly:0 RuntimeOnly:0 HLODRelevant:1
 |   |   |- [+] [ 21]
 |   |   |   |- Guid:C03DE4D5470535D02FA30BBA3C243F36 BaseClass: NativeClass:/Script/Engine.StaticMeshActor Name:StaticMeshActor_UAID_38FC985DA73149A801_2140055426 Label:SM_Crypt_Pillar SpatiallyLoaded:1 Bounds:IsValid=true, Min=(X=2700.171 Y=3178.821 Z=48.122), Max=(X=2989.259 Y=3467.910 Z=814.192) RuntimeGrid:None EditorOnly:0 RuntimeOnly:0 HLODRelevant:1
 |   |   |- [+] [ 22]
 |   |   |   |- Guid:8680D1144596930452B8A3815EF852AB BaseClass: NativeClass:/Script/Engine.StaticMeshActor Name:StaticMeshActor_UAID_38FC985DA7314AA801_1074800603 Label:SM_Crypt_Pillar2 SpatiallyLoaded:1 Bounds:IsValid=true, Min=(X=2737.532 Y=327.811 Z=48.122), Max=(X=3026.620 Y=616.899 Z=814.192) RuntimeGrid:None EditorOnly:0 RuntimeOnly:0 HLODRelevant:1
 |   |   |- [+] [ 23]
 |   |   |   |- Guid:44C8A94543FABC99BDDEDEB2630DC73E BaseClass: NativeClass:/Script/Engine.StaticMeshActor Name:StaticMeshActor_UAID_38FC985DA7314AA801_1089697604 Label:SM_Mausoleum_Lid_A SpatiallyLoaded:1 Bounds:IsValid=true, Min=(X=2871.774 Y=1501.682 Z=375.638), Max=(X=2903.633 Y=1852.421 Z=655.167) RuntimeGrid:None EditorOnly:0 RuntimeOnly:0 HLODRelevant:1
 |- ContainerInstances:
 |- [+] MainContainer:
 |   |-        ID: 0x0000000000000000
 |   |-    Bounds: IsValid=false, Min=(X=0.000 Y=0.000 Z=0.000), Max=(X=0.000 Y=0.000 Z=0.000)
 |   |- Transform: 0.000000,0.000000,0.000000|0.000000,0.000000,-0.000000|1.000000,1.000000,1.000000
 |   |- Container: /Game/FirstPerson/Maps/FirstPersonMap
----------------------------------------------------------------------------------------------------------------
FirstPersonMap - Persistent Level
----------------------------------------------------------------------------------------------------------------
Always loaded Actor Count: 52 

----------------------------------------------------------------------------------------------------------------
FirstPersonMap - Runtime Spatial Hash - Streaming Grid - MainGrid
----------------------------------------------------------------------------------------------------------------
            Origin: X=0.000 Y=0.000 Z=0.000
         Cell Size: 12800
      World Bounds: IsValid=false, Min=(X=0.000 Y=0.000 Z=0.000), Max=(X=0.000 Y=0.000 Z=0.000)
     Loading Range: 25600.00
Block Slow Loading: No
 ClientOnlyVisible: No

[+] Grid Levels: 1
 |- Level  0: Cell Count    0 | Cell Size   12800 | Actor Count    0 (0.0%)

[+] Content of Grid Level 0

