[+] Containers:
 |- [+] Container: /Game/FirstPerson/Maps/FirstPersonMap
 |   |- [+] ActorDescs:
 |   |   |- Guid:0EDB289B45CB7E0977A6DBA74201EE76 BaseClass: NativeClass:/Script/Engine.StaticMeshActor Name:StaticMeshActor_10 Label:SM_Cube6 SpatiallyLoaded:1 Bounds:IsValid=true, Min=(X=2900.000 Y=100.000 Z=0.000), Max=(X=3000.000 Y=3400.000 Z=400.000) RuntimeGrid:None EditorOnly:0 RuntimeOnly:0 HLODRelevant:1 FolderPath:Playground FolderGuid:6C02BB504B69D1F3D7A624B130C18E5B
 |   |   |- Guid:10F119604B787C5A85C011BB4B295F3C BaseClass:/Game/Blueprints/BP_Door.BP_Door_C NativeClass:/Script/Engine.Actor Name:BP_Door_C_UAID_38FC985DA731EBA601_2116801819 Label:BP_Door SpatiallyLoaded:1 Bounds:IsValid=true, Min=(X=2892.764 Y=1551.489 Z=8.600), Max=(X=2915.848 Y=1821.142 Z=384.060) RuntimeGrid:None EditorOnly:0 RuntimeOnly:0 HLODRelevant:0
 |   |   |- Guid:21262252453B37957EF29F82ABA2413B BaseClass: NativeClass:/Script/Engine.TextRenderActor Name:TextRenderActor_1 Label:TextRenderActor SpatiallyLoaded:1 Bounds:IsValid=true, Min=(X=-0.100 Y=1100.000 Z=65.013), Max=(X=-0.100 Y=2363.461 Z=215.013) RuntimeGrid:None EditorOnly:0 RuntimeOnly:0 HLODRelevant:0
 |   |   |- Guid:4BE83B2C433C64565EFAA38908C0A239 BaseClass:/Game/Blueprints/BP_Statue.BP_Statue_C NativeClass:/Script/Engine.Actor Name:BP_Statue_C_UAID_38FC985DA731EBA601_2039731815 Label:BP_Statue SpatiallyLoaded:1 Bounds:IsValid=true, Min=(X=1523.586 Y=326.959 Z=-0.208), Max=(X=1940.543 Y=743.916 Z=558.037) RuntimeGrid:None EditorOnly:0 RuntimeOnly:0 HLODRelevant:0
 |   |   |- Guid:5FE7584649BB6F09265329A6C57CFD0D BaseClass: NativeClass:/Script/Engine.VolumetricCloud Name:VolumetricCloud_0 Label:VolumetricCloud SpatiallyLoaded:0 Bounds:IsValid=true, Min=(X=0.000 Y=0.000 Z=820.000), Max=(X=0.000 Y=0.000 Z=820.000) RuntimeGrid:None EditorOnly:0 RuntimeOnly:0 HLODRelevant:0 FolderPath:Lighting FolderGuid:0BA5F0A04EADB18E70D5B180D08FA34B
 |   |   |- Guid:61391D344900612A77DFC3BA3E354907 BaseClass: NativeClass:/Script/Engine.ExponentialHeightFog Name:ExponentialHeightFog_0 Label:ExponentialHeightFog SpatiallyLoaded:0 Bounds:IsValid=true, Min=(X=-5600.000 Y=-50.000 Z=-6850.000), Max=(X=-5600.000 Y=-50.000 Z=-6850.000) RuntimeGrid:None EditorOnly:0 RuntimeOnly:0 HLODRelevant:0 FolderPath:Lighting FolderGuid:0BA5F0A04EADB18E70D5B180D08FA34B
 |   |   |- Guid:6FEFB3BD4EB37B849EF0D4AC80F83855 BaseClass: NativeClass:/Script/Engine.WorldDataLayers Name:WorldDataLayers Label:WorldDataLayers SpatiallyLoaded:0 Bounds:IsValid=true, Min=(X=0.000 Y=0.000 Z=0.000), Max=(X=0.000 Y=0.000 Z=0.000) RuntimeGrid:None EditorOnly:0 RuntimeOnly:0 HLODRelevant:0
 |   |   |- Guid:78CAF7514C7533F30BD2F19A017AAB65 BaseClass: NativeClass:/Script/Engine.StaticMeshActor Name:StaticMeshActor_0 Label:SM_Cube SpatiallyLoaded:1 Bounds:IsValid=true, Min=(X=0.000 Y=0.000 Z=-50.000), Max=(X=3000.000 Y=3500.000 Z=0.000) RuntimeGrid:None EditorOnly:0 RuntimeOnly:0 HLODRelevant:1 FolderPath:Playground FolderGuid:6C02BB504B69D1F3D7A624B130C18E5B
 |   |   |- Guid:8559D1384B14F466E8927697A36C1D78 BaseClass: NativeClass:/Script/Engine.StaticMeshActor Name:StaticMeshActor_9 Label:SM_Cube5 SpatiallyLoaded:1 Bounds:IsValid=true, Min=(X=-0.000 Y=100.000 Z=0.000), Max=(X=100.000 Y=3400.000 Z=400.000) RuntimeGrid:None EditorOnly:0 RuntimeOnly:0 HLODRelevant:1 FolderPath:Playground FolderGuid:6C02BB504B69D1F3D7A624B130C18E5B
 |   |   |- Guid:90B7B8D3420C2EABA931D3A6A69DF696 BaseClass: NativeClass:/Script/Engine.StaticMeshActor Name:StaticMeshActor_3 Label:SM_Cube2 SpatiallyLoaded:1 Bounds:IsValid=true, Min=(X=0.000 Y=0.000 Z=0.000), Max=(X=3000.000 Y=100.000 Z=400.000) RuntimeGrid:None EditorOnly:0 RuntimeOnly:0 HLODRelevant:1 FolderPath:Playground FolderGuid:6C02BB504B69D1F3D7A624B130C18E5B
 |   |   |- Guid:93ED7D9A4AEE621AAD39F590BDA3CF82 BaseClass:/Game/Blueprints/BP_Statue.BP_Statue_C NativeClass:/Script/Engine.Actor Name:BP_Statue_C_UAID_38FC985DA731EBA601_2103507817 Label:BP_Statue3 SpatiallyLoaded:1 Bounds:IsValid=true, Min=(X=2155.056 Y=1872.941 Z=-0.208), Max=(X=2572.013 Y=2289.898 Z=558.037) RuntimeGrid:None EditorOnly:0 RuntimeOnly:0 HLODRelevant:0
 |   |   |- Guid:A354B1B24E617A525DC6B48CCDE2417E BaseClass: NativeClass:/Script/Engine.PlayerStart Name:PlayerStart_0 Label:PlayerStart SpatiallyLoaded:0 Bounds:IsValid=true, Min=(X=274.858 Y=1513.557 Z=0.013), Max=(X=354.858 Y=1593.557 Z=184.013) RuntimeGrid:None EditorOnly:0 RuntimeOnly:0 HLODRelevant:0
 |   |   |- Guid:B7A4A211435B63CB4F5E14BBF684844E BaseClass:/Game/Blueprints/BP_Pedestal.BP_Pedestal_C NativeClass:/Script/Engine.Actor Name:BP_Pedestal_C_UAID_38FC985DA731B9A601_1229418015 Label:Main_Pedestal SpatiallyLoaded:1 Bounds:IsValid=true, Min=(X=1056.107 Y=1474.548 Z=-0.000), Max=(X=1344.107 Y=1682.548 Z=216.940) RuntimeGrid:None EditorOnly:0 RuntimeOnly:0 HLODRelevant:0
 |   |   |- Guid:C0C56B9644AE3D40CAFF6A878DB29844 BaseClass: NativeClass:/Script/Engine.StaticMeshActor Name:StaticMeshActor_UAID_A4AE111137DC5EFB00_2001720423 Label:SM_SkySphere SpatiallyLoaded:0 Bounds:IsValid=true, Min=(X=-1638400.000 Y=-1638400.000 Z=-1638400.000), Max=(X=1638400.000 Y=1638400.000 Z=1638400.000) RuntimeGrid:None EditorOnly:0 RuntimeOnly:0 HLODRelevant:1 FolderPath:Lighting FolderGuid:0BA5F0A04EADB18E70D5B180D08FA34B
 |   |   |- Guid:C22CE07C4B87D685137FDBBC10FC92C6 BaseClass: NativeClass:/Script/Engine.SkyAtmosphere Name:SkyAtmosphere_0 Label:SkyAtmosphere SpatiallyLoaded:0 Bounds:IsValid=true, Min=(X=0.000 Y=0.000 Z=1020.000), Max=(X=0.000 Y=0.000 Z=1020.000) RuntimeGrid:None EditorOnly:0 RuntimeOnly:0 HLODRelevant:0 FolderPath:Lighting FolderGuid:0BA5F0A04EADB18E70D5B180D08FA34B
 |   |   |- Guid:C6EB44E64C1C016C61A4788A1F6F9D96 BaseClass:/Game/Blueprints/BP_Statue.BP_Statue_C NativeClass:/Script/Engine.Actor Name:BP_Statue_C_UAID_38FC985DA731EBA601_2095727816 Label:BP_Statue2 SpatiallyLoaded:1 Bounds:IsValid=true, Min=(X=2163.031 Y=983.404 Z=-0.208), Max=(X=2579.988 Y=1400.361 Z=558.037) RuntimeGrid:None EditorOnly:0 RuntimeOnly:0 HLODRelevant:0
 |   |   |- Guid:CE8D82634660FCDB3120E2B8D547C533 BaseClass: NativeClass:/Script/Engine.PostProcessVolume Name:PostProcessVolume_0 Label:PostProcessVolume SpatiallyLoaded:0 Bounds:IsValid=true, Min=(X=0.000 Y=0.000 Z=400.000), Max=(X=200.000 Y=200.000 Z=600.000) RuntimeGrid:None EditorOnly:0 RuntimeOnly:0 HLODRelevant:0 FolderPath:Lighting FolderGuid:0BA5F0A04EADB18E70D5B180D08FA34B
 |   |   |- Guid:D847890D4C8B98EC0714E2A1DD0DEBE1 BaseClass:/Game/Blueprints/BP_Statue.BP_Statue_C NativeClass:/Script/Engine.Actor Name:BP_Statue_C_UAID_38FC985DA731EBA601_2103510818 Label:BP_Statue4 SpatiallyLoaded:1 Bounds:IsValid=true, Min=(X=1540.440 Y=2432.060 Z=-0.208), Max=(X=1957.397 Y=2849.017 Z=558.037) RuntimeGrid:None EditorOnly:0 RuntimeOnly:0 HLODRelevant:0
 |   |   |- Guid:E5320C1B4FD9764CE7B54D8487AEC613 BaseClass: NativeClass:/Script/Engine.SkyLight Name:SkyLight_0 Label:SkyLight SpatiallyLoaded:0 Bounds:IsValid=true, Min=(X=0.000 Y=0.000 Z=690.000), Max=(X=0.000 Y=0.000 Z=690.000) RuntimeGrid:None EditorOnly:0 RuntimeOnly:0 HLODRelevant:0 FolderPath:Lighting FolderGuid:0BA5F0A04EADB18E70D5B180D08FA34B
 |   |   |- Guid:F07F1AF64C7C7C238EE1B4BF8C122DD8 BaseClass: NativeClass:/Script/Engine.StaticMeshActor Name:StaticMeshActor_4 Label:SM_Cube3 SpatiallyLoaded:1 Bounds:IsValid=true, Min=(X=0.000 Y=3400.000 Z=0.000), Max=(X=3000.000 Y=3500.000 Z=400.000) RuntimeGrid:None EditorOnly:0 RuntimeOnly:0 HLODRelevant:1 FolderPath:Playground FolderGuid:6C02BB504B69D1F3D7A624B130C18E5B
 |   |   |- Guid:F80621C9446867154938FE81375207DA BaseClass: NativeClass:/Script/Engine.DirectionalLight Name:DirectionalLight_1 Label:DirectionalLight SpatiallyLoaded:0 Bounds:IsValid=true, Min=(X=-1048576.000 Y=-1048576.000 Z=-1048576.000), Max=(X=1048576.000 Y=1048576.000 Z=1048576.000) RuntimeGrid:None EditorOnly:0 RuntimeOnly:0 HLODRelevant:0 FolderPath:Lighting FolderGuid:0BA5F0A04EADB18E70D5B180D08FA34B
 |   |- [+] Clusters:
 |   |   |- [+] [  0]
 |   |   |   |- Guid:93ED7D9A4AEE621AAD39F590BDA3CF82 BaseClass:/Game/Blueprints/BP_Statue.BP_Statue_C NativeClass:/Script/Engine.Actor Name:BP_Statue_C_UAID_38FC985DA731EBA601_2103507817 Label:BP_Statue3 SpatiallyLoaded:1 Bounds:IsValid=true, Min=(X=2155.056 Y=1872.941 Z=-0.208), Max=(X=2572.013 Y=2289.898 Z=558.037) RuntimeGrid:None EditorOnly:0 RuntimeOnly:0 HLODRelevant:0
 |   |   |- [+] [  1]
 |   |   |   |- Guid:61391D344900612A77DFC3BA3E354907 BaseClass: NativeClass:/Script/Engine.ExponentialHeightFog Name:ExponentialHeightFog_0 Label:ExponentialHeightFog SpatiallyLoaded:0 Bounds:IsValid=true, Min=(X=-5600.000 Y=-50.000 Z=-6850.000), Max=(X=-5600.000 Y=-50.000 Z=-6850.000) RuntimeGrid:None EditorOnly:0 RuntimeOnly:0 HLODRelevant:0 FolderPath:Lighting FolderGuid:0BA5F0A04EADB18E70D5B180D08FA34B
 |   |   |- [+] [  2]
 |   |   |   |- Guid:5FE7584649BB6F09265329A6C57CFD0D BaseClass: NativeClass:/Script/Engine.VolumetricCloud Name:VolumetricCloud_0 Label:VolumetricCloud SpatiallyLoaded:0 Bounds:IsValid=true, Min=(X=0.000 Y=0.000 Z=820.000), Max=(X=0.000 Y=0.000 Z=820.000) RuntimeGrid:None EditorOnly:0 RuntimeOnly:0 HLODRelevant:0 FolderPath:Lighting FolderGuid:0BA5F0A04EADB18E70D5B180D08FA34B
 |   |   |- [+] [  3]
 |   |   |   |- Guid:F80621C9446867154938FE81375207DA BaseClass: NativeClass:/Script/Engine.DirectionalLight Name:DirectionalLight_1 Label:DirectionalLight SpatiallyLoaded:0 Bounds:IsValid=true, Min=(X=-1048576.000 Y=-1048576.000 Z=-1048576.000), Max=(X=1048576.000 Y=1048576.000 Z=1048576.000) RuntimeGrid:None EditorOnly:0 RuntimeOnly:0 HLODRelevant:0 FolderPath:Lighting FolderGuid:0BA5F0A04EADB18E70D5B180D08FA34B
 |   |   |- [+] [  4]
 |   |   |   |- Guid:21262252453B37957EF29F82ABA2413B BaseClass: NativeClass:/Script/Engine.TextRenderActor Name:TextRenderActor_1 Label:TextRenderActor SpatiallyLoaded:1 Bounds:IsValid=true, Min=(X=-0.100 Y=1100.000 Z=65.013), Max=(X=-0.100 Y=2363.461 Z=215.013) RuntimeGrid:None EditorOnly:0 RuntimeOnly:0 HLODRelevant:0
 |   |   |- [+] [  5]
 |   |   |   |- Guid:90B7B8D3420C2EABA931D3A6A69DF696 BaseClass: NativeClass:/Script/Engine.StaticMeshActor Name:StaticMeshActor_3 Label:SM_Cube2 SpatiallyLoaded:1 Bounds:IsValid=true, Min=(X=0.000 Y=0.000 Z=0.000), Max=(X=3000.000 Y=100.000 Z=400.000) RuntimeGrid:None EditorOnly:0 RuntimeOnly:0 HLODRelevant:1 FolderPath:Playground FolderGuid:6C02BB504B69D1F3D7A624B130C18E5B
 |   |   |- [+] [  6]
 |   |   |   |- Guid:10F119604B787C5A85C011BB4B295F3C BaseClass:/Game/Blueprints/BP_Door.BP_Door_C NativeClass:/Script/Engine.Actor Name:BP_Door_C_UAID_38FC985DA731EBA601_2116801819 Label:BP_Door SpatiallyLoaded:1 Bounds:IsValid=true, Min=(X=2892.764 Y=1551.489 Z=8.600), Max=(X=2915.848 Y=1821.142 Z=384.060) RuntimeGrid:None EditorOnly:0 RuntimeOnly:0 HLODRelevant:0
 |   |   |- [+] [  7]
 |   |   |   |- Guid:B7A4A211435B63CB4F5E14BBF684844E BaseClass:/Game/Blueprints/BP_Pedestal.BP_Pedestal_C NativeClass:/Script/Engine.Actor Name:BP_Pedestal_C_UAID_38FC985DA731B9A601_1229418015 Label:Main_Pedestal SpatiallyLoaded:1 Bounds:IsValid=true, Min=(X=1056.107 Y=1474.548 Z=-0.000), Max=(X=1344.107 Y=1682.548 Z=216.940) RuntimeGrid:None EditorOnly:0 RuntimeOnly:0 HLODRelevant:0
 |   |   |- [+] [  8]
 |   |   |   |- Guid:D847890D4C8B98EC0714E2A1DD0DEBE1 BaseClass:/Game/Blueprints/BP_Statue.BP_Statue_C NativeClass:/Script/Engine.Actor Name:BP_Statue_C_UAID_38FC985DA731EBA601_2103510818 Label:BP_Statue4 SpatiallyLoaded:1 Bounds:IsValid=true, Min=(X=1540.440 Y=2432.060 Z=-0.208), Max=(X=1957.397 Y=2849.017 Z=558.037) RuntimeGrid:None EditorOnly:0 RuntimeOnly:0 HLODRelevant:0
 |   |   |- [+] [  9]
 |   |   |   |- Guid:E5320C1B4FD9764CE7B54D8487AEC613 BaseClass: NativeClass:/Script/Engine.SkyLight Name:SkyLight_0 Label:SkyLight SpatiallyLoaded:0 Bounds:IsValid=true, Min=(X=0.000 Y=0.000 Z=690.000), Max=(X=0.000 Y=0.000 Z=690.000) RuntimeGrid:None EditorOnly:0 RuntimeOnly:0 HLODRelevant:0 FolderPath:Lighting FolderGuid:0BA5F0A04EADB18E70D5B180D08FA34B
 |   |   |- [+] [ 10]
 |   |   |   |- Guid:F07F1AF64C7C7C238EE1B4BF8C122DD8 BaseClass: NativeClass:/Script/Engine.StaticMeshActor Name:StaticMeshActor_4 Label:SM_Cube3 SpatiallyLoaded:1 Bounds:IsValid=true, Min=(X=0.000 Y=3400.000 Z=0.000), Max=(X=3000.000 Y=3500.000 Z=400.000) RuntimeGrid:None EditorOnly:0 RuntimeOnly:0 HLODRelevant:1 FolderPath:Playground FolderGuid:6C02BB504B69D1F3D7A624B130C18E5B
 |   |   |- [+] [ 11]
 |   |   |   |- Guid:4BE83B2C433C64565EFAA38908C0A239 BaseClass:/Game/Blueprints/BP_Statue.BP_Statue_C NativeClass:/Script/Engine.Actor Name:BP_Statue_C_UAID_38FC985DA731EBA601_2039731815 Label:BP_Statue SpatiallyLoaded:1 Bounds:IsValid=true, Min=(X=1523.586 Y=326.959 Z=-0.208), Max=(X=1940.543 Y=743.916 Z=558.037) RuntimeGrid:None EditorOnly:0 RuntimeOnly:0 HLODRelevant:0
 |   |   |- [+] [ 12]
 |   |   |   |- Guid:78CAF7514C7533F30BD2F19A017AAB65 BaseClass: NativeClass:/Script/Engine.StaticMeshActor Name:StaticMeshActor_0 Label:SM_Cube SpatiallyLoaded:1 Bounds:IsValid=true, Min=(X=0.000 Y=0.000 Z=-50.000), Max=(X=3000.000 Y=3500.000 Z=0.000) RuntimeGrid:None EditorOnly:0 RuntimeOnly:0 HLODRelevant:1 FolderPath:Playground FolderGuid:6C02BB504B69D1F3D7A624B130C18E5B
 |   |   |- [+] [ 13]
 |   |   |   |- Guid:A354B1B24E617A525DC6B48CCDE2417E BaseClass: NativeClass:/Script/Engine.PlayerStart Name:PlayerStart_0 Label:PlayerStart SpatiallyLoaded:0 Bounds:IsValid=true, Min=(X=274.858 Y=1513.557 Z=0.013), Max=(X=354.858 Y=1593.557 Z=184.013) RuntimeGrid:None EditorOnly:0 RuntimeOnly:0 HLODRelevant:0
 |   |   |- [+] [ 14]
 |   |   |   |- Guid:C6EB44E64C1C016C61A4788A1F6F9D96 BaseClass:/Game/Blueprints/BP_Statue.BP_Statue_C NativeClass:/Script/Engine.Actor Name:BP_Statue_C_UAID_38FC985DA731EBA601_2095727816 Label:BP_Statue2 SpatiallyLoaded:1 Bounds:IsValid=true, Min=(X=2163.031 Y=983.404 Z=-0.208), Max=(X=2579.988 Y=1400.361 Z=558.037) RuntimeGrid:None EditorOnly:0 RuntimeOnly:0 HLODRelevant:0
 |   |   |- [+] [ 15]
 |   |   |   |- Guid:0EDB289B45CB7E0977A6DBA74201EE76 BaseClass: NativeClass:/Script/Engine.StaticMeshActor Name:StaticMeshActor_10 Label:SM_Cube6 SpatiallyLoaded:1 Bounds:IsValid=true, Min=(X=2900.000 Y=100.000 Z=0.000), Max=(X=3000.000 Y=3400.000 Z=400.000) RuntimeGrid:None EditorOnly:0 RuntimeOnly:0 HLODRelevant:1 FolderPath:Playground FolderGuid:6C02BB504B69D1F3D7A624B130C18E5B
 |   |   |- [+] [ 16]
 |   |   |   |- Guid:C22CE07C4B87D685137FDBBC10FC92C6 BaseClass: NativeClass:/Script/Engine.SkyAtmosphere Name:SkyAtmosphere_0 Label:SkyAtmosphere SpatiallyLoaded:0 Bounds:IsValid=true, Min=(X=0.000 Y=0.000 Z=1020.000), Max=(X=0.000 Y=0.000 Z=1020.000) RuntimeGrid:None EditorOnly:0 RuntimeOnly:0 HLODRelevant:0 FolderPath:Lighting FolderGuid:0BA5F0A04EADB18E70D5B180D08FA34B
 |   |   |- [+] [ 17]
 |   |   |   |- Guid:C0C56B9644AE3D40CAFF6A878DB29844 BaseClass: NativeClass:/Script/Engine.StaticMeshActor Name:StaticMeshActor_UAID_A4AE111137DC5EFB00_2001720423 Label:SM_SkySphere SpatiallyLoaded:0 Bounds:IsValid=true, Min=(X=-1638400.000 Y=-1638400.000 Z=-1638400.000), Max=(X=1638400.000 Y=1638400.000 Z=1638400.000) RuntimeGrid:None EditorOnly:0 RuntimeOnly:0 HLODRelevant:1 FolderPath:Lighting FolderGuid:0BA5F0A04EADB18E70D5B180D08FA34B
 |   |   |- [+] [ 18]
 |   |   |   |- Guid:6FEFB3BD4EB37B849EF0D4AC80F83855 BaseClass: NativeClass:/Script/Engine.WorldDataLayers Name:WorldDataLayers Label:WorldDataLayers SpatiallyLoaded:0 Bounds:IsValid=true, Min=(X=0.000 Y=0.000 Z=0.000), Max=(X=0.000 Y=0.000 Z=0.000) RuntimeGrid:None EditorOnly:0 RuntimeOnly:0 HLODRelevant:0
 |   |   |- [+] [ 19]
 |   |   |   |- Guid:CE8D82634660FCDB3120E2B8D547C533 BaseClass: NativeClass:/Script/Engine.PostProcessVolume Name:PostProcessVolume_0 Label:PostProcessVolume SpatiallyLoaded:0 Bounds:IsValid=true, Min=(X=0.000 Y=0.000 Z=400.000), Max=(X=200.000 Y=200.000 Z=600.000) RuntimeGrid:None EditorOnly:0 RuntimeOnly:0 HLODRelevant:0 FolderPath:Lighting FolderGuid:0BA5F0A04EADB18E70D5B180D08FA34B
 |   |   |- [+] [ 20]
 |   |   |   |- Guid:8559D1384B14F466E8927697A36C1D78 BaseClass: NativeClass:/Script/Engine.StaticMeshActor Name:StaticMeshActor_9 Label:SM_Cube5 SpatiallyLoaded:1 Bounds:IsValid=true, Min=(X=-0.000 Y=100.000 Z=0.000), Max=(X=100.000 Y=3400.000 Z=400.000) RuntimeGrid:None EditorOnly:0 RuntimeOnly:0 HLODRelevant:1 FolderPath:Playground FolderGuid:6C02BB504B69D1F3D7A624B130C18E5B
 |- ContainerInstances:
 |- [+] MainContainer:
 |   |-        ID: 0x0000000000000000
 |   |-    Bounds: IsValid=false, Min=(X=0.000 Y=0.000 Z=0.000), Max=(X=0.000 Y=0.000 Z=0.000)
 |   |- Transform: 0.000000,0.000000,0.000000|0.000000,0.000000,-0.000000|1.000000,1.000000,1.000000
 |   |- Container: /Game/FirstPerson/Maps/FirstPersonMap
----------------------------------------------------------------------------------------------------------------
FirstPersonMap - Persistent Level
----------------------------------------------------------------------------------------------------------------
Always loaded Actor Count: 29 

----------------------------------------------------------------------------------------------------------------
FirstPersonMap - Runtime Spatial Hash - Streaming Grid - MainGrid
----------------------------------------------------------------------------------------------------------------
            Origin: X=0.000 Y=0.000 Z=0.000
         Cell Size: 12800
      World Bounds: IsValid=false, Min=(X=0.000 Y=0.000 Z=0.000), Max=(X=0.000 Y=0.000 Z=0.000)
     Loading Range: 25600.00
Block Slow Loading: No
 ClientOnlyVisible: No

[+] Grid Levels: 1
 |- Level  0: Cell Count    0 | Cell Size   12800 | Actor Count    0 (0.0%)

[+] Content of Grid Level 0

